<?xml version="1.0" encoding="UTF-8"?>
<testsuite xmlns:xsi="http://www.w3.org/2001/XMLSchema-instance" xsi:noNamespaceSchemaLocation="https://maven.apache.org/surefire/maven-surefire-plugin/xsd/surefire-test-report.xsd" version="3.0.2" name="example1.RuleTest" time="1.108" tests="1" errors="1" skipped="0" failures="0">
  <properties>
    <property name="java.specification.version" value="21"/>
    <property name="sun.jnu.encoding" value="UTF-8"/>
    <property name="java.class.path" value="/Users/nontster/Downloads/drools-sample/target/test-classes:/Users/nontster/Downloads/drools-sample/target/classes:/Users/nontster/.m2/repository/org/drools/drools-core/8.44.0.Final/drools-core-8.44.0.Final.jar:/Users/nontster/.m2/repository/org/kie/kie-internal/8.44.0.Final/kie-internal-8.44.0.Final.jar:/Users/nontster/.m2/repository/org/kie/kie-util-xml/8.44.0.Final/kie-util-xml-8.44.0.Final.jar:/Users/nontster/.m2/repository/org/drools/drools-wiring-api/8.44.0.Final/drools-wiring-api-8.44.0.Final.jar:/Users/nontster/.m2/repository/org/drools/drools-base/8.44.0.Final/drools-base-8.44.0.Final.jar:/Users/nontster/.m2/repository/org/drools/drools-util/8.44.0.Final/drools-util-8.44.0.Final.jar:/Users/nontster/.m2/repository/org/drools/drools-wiring-static/8.44.0.Final/drools-wiring-static-8.44.0.Final.jar:/Users/nontster/.m2/repository/org/drools/drools-io/8.44.0.Final/drools-io-8.44.0.Final.jar:/Users/nontster/.m2/repository/org/slf4j/slf4j-api/1.7.30/slf4j-api-1.7.30.jar:/Users/nontster/.m2/repository/commons-codec/commons-codec/1.15/commons-codec-1.15.jar:/Users/nontster/.m2/repository/org/drools/drools-xml-support/8.44.0.Final/drools-xml-support-8.44.0.Final.jar:/Users/nontster/.m2/repository/com/thoughtworks/xstream/xstream/1.4.20/xstream-1.4.20.jar:/Users/nontster/.m2/repository/io/github/x-stream/mxparser/1.2.2/mxparser-1.2.2.jar:/Users/nontster/.m2/repository/xmlpull/xmlpull/1.1.3.1/xmlpull-1.1.3.1.jar:/Users/nontster/.m2/repository/org/drools/drools-commands/8.44.0.Final/drools-commands-8.44.0.Final.jar:/Users/nontster/.m2/repository/org/drools/drools-mvel/8.44.0.Final/drools-mvel-8.44.0.Final.jar:/Users/nontster/.m2/repository/org/mvel/mvel2/2.5.0.Final/mvel2-2.5.0.Final.jar:/Users/nontster/.m2/repository/org/drools/drools-wiring-dynamic/8.44.0.Final/drools-wiring-dynamic-8.44.0.Final.jar:/Users/nontster/.m2/repository/org/drools/drools-compiler/8.44.0.Final/drools-compiler-8.44.0.Final.jar:/Users/nontster/.m2/repository/org/drools/drools-drl-parser/8.44.0.Final/drools-drl-parser-8.44.0.Final.jar:/Users/nontster/.m2/repository/org/drools/drools-drl-extensions/8.44.0.Final/drools-drl-extensions-8.44.0.Final.jar:/Users/nontster/.m2/repository/org/drools/drools-drl-ast/8.44.0.Final/drools-drl-ast-8.44.0.Final.jar:/Users/nontster/.m2/repository/org/drools/drools-kiesession/8.44.0.Final/drools-kiesession-8.44.0.Final.jar:/Users/nontster/.m2/repository/org/kie/kie-memory-compiler/8.44.0.Final/kie-memory-compiler-8.44.0.Final.jar:/Users/nontster/.m2/repository/org/drools/drools-ecj/8.44.0.Final/drools-ecj-8.44.0.Final.jar:/Users/nontster/.m2/repository/org/eclipse/jdt/ecj/3.33.0/ecj-3.33.0.jar:/Users/nontster/.m2/repository/org/kie/kie-util-maven-support/8.44.0.Final/kie-util-maven-support-8.44.0.Final.jar:/Users/nontster/.m2/repository/org/antlr/antlr-runtime/3.5.2/antlr-runtime-3.5.2.jar:/Users/nontster/.m2/repository/org/drools/drools-ruleunits-engine/8.44.0.Final/drools-ruleunits-engine-8.44.0.Final.jar:/Users/nontster/.m2/repository/org/drools/drools-ruleunits-dsl/8.44.0.Final/drools-ruleunits-dsl-8.44.0.Final.jar:/Users/nontster/.m2/repository/org/drools/drools-canonical-model/8.44.0.Final/drools-canonical-model-8.44.0.Final.jar:/Users/nontster/.m2/repository/org/drools/drools-model-compiler/8.44.0.Final/drools-model-compiler-8.44.0.Final.jar:/Users/nontster/.m2/repository/org/drools/drools-ruleunits-impl/8.44.0.Final/drools-ruleunits-impl-8.44.0.Final.jar:/Users/nontster/.m2/repository/org/drools/drools-ruleunits-api/8.44.0.Final/drools-ruleunits-api-8.44.0.Final.jar:/Users/nontster/.m2/repository/org/drools/drools-model-codegen/8.44.0.Final/drools-model-codegen-8.44.0.Final.jar:/Users/nontster/.m2/repository/org/drools/drools-codegen-common/8.44.0.Final/drools-codegen-common-8.44.0.Final.jar:/Users/nontster/.m2/repository/com/github/javaparser/javaparser-core/3.24.2/javaparser-core-3.24.2.jar:/Users/nontster/.m2/repository/org/drools/drools-mvel-parser/8.44.0.Final/drools-mvel-parser-8.44.0.Final.jar:/Users/nontster/.m2/repository/org/drools/drools-mvel-compiler/8.44.0.Final/drools-mvel-compiler-8.44.0.Final.jar:/Users/nontster/.m2/repository/org/kie/kie-ci/8.44.0.Final/kie-ci-8.44.0.Final.jar:/Users/nontster/.m2/repository/org/drools/drools-serialization-protobuf/8.44.0.Final/drools-serialization-protobuf-8.44.0.Final.jar:/Users/nontster/.m2/repository/org/drools/drools-tms/8.44.0.Final/drools-tms-8.44.0.Final.jar:/Users/nontster/.m2/repository/com/google/protobuf/protobuf-java/3.22.0/protobuf-java-3.22.0.jar:/Users/nontster/.m2/repository/org/kie/kie-util-maven-integration/8.44.0.Final/kie-util-maven-integration-8.44.0.Final.jar:/Users/nontster/.m2/repository/org/apache/maven/resolver/maven-resolver-connector-basic/1.7.3/maven-resolver-connector-basic-1.7.3.jar:/Users/nontster/.m2/repository/org/apache/maven/resolver/maven-resolver-transport-wagon/1.7.3/maven-resolver-transport-wagon-1.7.3.jar:/Users/nontster/.m2/repository/org/apache/maven/resolver/maven-resolver-transport-file/1.7.3/maven-resolver-transport-file-1.7.3.jar:/Users/nontster/.m2/repository/org/apache/maven/resolver/maven-resolver-transport-http/1.7.3/maven-resolver-transport-http-1.7.3.jar:/Users/nontster/.m2/repository/org/apache/httpcomponents/httpclient/4.5.13/httpclient-4.5.13.jar:/Users/nontster/.m2/repository/jakarta/inject/jakarta.inject-api/1.0/jakarta.inject-api-1.0.jar:/Users/nontster/.m2/repository/jakarta/enterprise/jakarta.enterprise.cdi-api/2.0.2/jakarta.enterprise.cdi-api-2.0.2.jar:/Users/nontster/.m2/repository/jakarta/el/jakarta.el-api/3.0.3/jakarta.el-api-3.0.3.jar:/Users/nontster/.m2/repository/jakarta/interceptor/jakarta.interceptor-api/1.2.5/jakarta.interceptor-api-1.2.5.jar:/Users/nontster/.m2/repository/jakarta/annotation/jakarta.annotation-api/1.3.5/jakarta.annotation-api-1.3.5.jar:/Users/nontster/.m2/repository/jakarta/ejb/jakarta.ejb-api/3.2.6/jakarta.ejb-api-3.2.6.jar:/Users/nontster/.m2/repository/jakarta/transaction/jakarta.transaction-api/1.3.2/jakarta.transaction-api-1.3.2.jar:/Users/nontster/.m2/repository/org/apache/ant/ant/1.10.11/ant-1.10.11.jar:/Users/nontster/.m2/repository/org/apache/ant/ant-launcher/1.10.11/ant-launcher-1.10.11.jar:/Users/nontster/.m2/repository/org/apache/maven/wagon/wagon-http/3.5.1/wagon-http-3.5.1.jar:/Users/nontster/.m2/repository/org/apache/maven/wagon/wagon-http-shared/3.5.1/wagon-http-shared-3.5.1.jar:/Users/nontster/.m2/repository/org/apache/httpcomponents/httpcore/4.4.15/httpcore-4.4.15.jar:/Users/nontster/.m2/repository/org/apache/maven/maven-core/3.8.6/maven-core-3.8.6.jar:/Users/nontster/.m2/repository/org/apache/maven/maven-model/3.8.6/maven-model-3.8.6.jar:/Users/nontster/.m2/repository/org/apache/maven/maven-settings/3.8.6/maven-settings-3.8.6.jar:/Users/nontster/.m2/repository/org/apache/maven/maven-settings-builder/3.8.6/maven-settings-builder-3.8.6.jar:/Users/nontster/.m2/repository/org/codehaus/plexus/plexus-sec-dispatcher/2.0/plexus-sec-dispatcher-2.0.jar:/Users/nontster/.m2/repository/org/codehaus/plexus/plexus-cipher/2.0/plexus-cipher-2.0.jar:/Users/nontster/.m2/repository/org/apache/maven/maven-builder-support/3.8.6/maven-builder-support-3.8.6.jar:/Users/nontster/.m2/repository/org/apache/maven/maven-repository-metadata/3.8.6/maven-repository-metadata-3.8.6.jar:/Users/nontster/.m2/repository/org/apache/maven/maven-artifact/3.8.6/maven-artifact-3.8.6.jar:/Users/nontster/.m2/repository/org/apache/maven/maven-plugin-api/3.8.6/maven-plugin-api-3.8.6.jar:/Users/nontster/.m2/repository/org/apache/maven/maven-model-builder/3.8.6/maven-model-builder-3.8.6.jar:/Users/nontster/.m2/repository/org/apache/maven/maven-resolver-provider/3.8.6/maven-resolver-provider-3.8.6.jar:/Users/nontster/.m2/repository/org/apache/maven/resolver/maven-resolver-impl/1.6.3/maven-resolver-impl-1.6.3.jar:/Users/nontster/.m2/repository/org/apache/maven/resolver/maven-resolver-api/1.6.3/maven-resolver-api-1.6.3.jar:/Users/nontster/.m2/repository/org/apache/maven/resolver/maven-resolver-spi/1.6.3/maven-resolver-spi-1.6.3.jar:/Users/nontster/.m2/repository/org/apache/maven/resolver/maven-resolver-util/1.6.3/maven-resolver-util-1.6.3.jar:/Users/nontster/.m2/repository/org/apache/maven/shared/maven-shared-utils/3.3.4/maven-shared-utils-3.3.4.jar:/Users/nontster/.m2/repository/org/eclipse/sisu/org.eclipse.sisu.plexus/0.3.5/org.eclipse.sisu.plexus-0.3.5.jar:/Users/nontster/.m2/repository/org/eclipse/sisu/org.eclipse.sisu.inject/0.3.5/org.eclipse.sisu.inject-0.3.5.jar:/Users/nontster/.m2/repository/com/google/inject/guice/4.2.2/guice-4.2.2-no_aop.jar:/Users/nontster/.m2/repository/aopalliance/aopalliance/1.0/aopalliance-1.0.jar:/Users/nontster/.m2/repository/org/codehaus/plexus/plexus-utils/3.3.1/plexus-utils-3.3.1.jar:/Users/nontster/.m2/repository/org/codehaus/plexus/plexus-classworlds/2.6.0/plexus-classworlds-2.6.0.jar:/Users/nontster/.m2/repository/org/codehaus/plexus/plexus-interpolation/1.26/plexus-interpolation-1.26.jar:/Users/nontster/.m2/repository/org/codehaus/plexus/plexus-component-annotations/2.1.0/plexus-component-annotations-2.1.0.jar:/Users/nontster/.m2/repository/org/apache/commons/commons-lang3/3.8.1/commons-lang3-3.8.1.jar:/Users/nontster/.m2/repository/org/apache/maven/maven-compat/3.8.6/maven-compat-3.8.6.jar:/Users/nontster/.m2/repository/org/apache/maven/wagon/wagon-provider-api/3.5.1/wagon-provider-api-3.5.1.jar:/Users/nontster/.m2/repository/javax/inject/javax.inject/1/javax.inject-1.jar:/Users/nontster/.m2/repository/com/google/guava/guava/32.0.1-jre/guava-32.0.1-jre.jar:/Users/nontster/.m2/repository/com/google/guava/failureaccess/1.0.1/failureaccess-1.0.1.jar:/Users/nontster/.m2/repository/com/google/guava/listenablefuture/9999.0-empty-to-avoid-conflict-with-guava/listenablefuture-9999.0-empty-to-avoid-conflict-with-guava.jar:/Users/nontster/.m2/repository/com/google/code/findbugs/jsr305/3.0.2/jsr305-3.0.2.jar:/Users/nontster/.m2/repository/org/checkerframework/checker-qual/3.33.0/checker-qual-3.33.0.jar:/Users/nontster/.m2/repository/com/google/errorprone/error_prone_annotations/2.18.0/error_prone_annotations-2.18.0.jar:/Users/nontster/.m2/repository/com/google/j2objc/j2objc-annotations/2.8/j2objc-annotations-2.8.jar:/Users/nontster/.m2/repository/commons-io/commons-io/2.11.0/commons-io-2.11.0.jar:/Users/nontster/.m2/repository/org/slf4j/jcl-over-slf4j/1.7.30/jcl-over-slf4j-1.7.30.jar:/Users/nontster/.m2/repository/org/kie/kie-api/8.44.0.Final/kie-api-8.44.0.Final.jar:/Users/nontster/.m2/repository/com/github/erosb/everit-json-schema/1.14.5/everit-json-schema-1.14.5.jar:/Users/nontster/.m2/repository/org/json/json/20250107/json-20250107.jar:/Users/nontster/.m2/repository/commons-validator/commons-validator/1.9.0/commons-validator-1.9.0.jar:/Users/nontster/.m2/repository/commons-digester/commons-digester/2.1/commons-digester-2.1.jar:/Users/nontster/.m2/repository/commons-logging/commons-logging/1.3.2/commons-logging-1.3.2.jar:/Users/nontster/.m2/repository/commons-collections/commons-collections/3.2.2/commons-collections-3.2.2.jar:/Users/nontster/.m2/repository/com/damnhandy/handy-uri-templates/2.1.8/handy-uri-templates-2.1.8.jar:/Users/nontster/.m2/repository/joda-time/joda-time/2.10.2/joda-time-2.10.2.jar:/Users/nontster/.m2/repository/com/google/re2j/re2j/1.8/re2j-1.8.jar:/Users/nontster/.m2/repository/junit/junit/4.13.1/junit-4.13.1.jar:/Users/nontster/.m2/repository/org/hamcrest/hamcrest-core/1.3/hamcrest-core-1.3.jar:/Users/nontster/.m2/repository/ch/qos/logback/logback-classic/1.2.9/logback-classic-1.2.9.jar:/Users/nontster/.m2/repository/ch/qos/logback/logback-core/1.2.9/logback-core-1.2.9.jar:/Users/nontster/.m2/repository/io/hypersistence/hypersistence-tsid/2.0.0/hypersistence-tsid-2.0.0.jar:"/>
    <property name="java.vm.vendor" value="Oracle Corporation"/>
    <property name="sun.arch.data.model" value="64"/>
    <property name="java.vendor.url" value="https://java.oracle.com/"/>
    <property name="user.timezone" value="Asia/Bangkok"/>
    <property name="os.name" value="Mac OS X"/>
    <property name="java.vm.specification.version" value="21"/>
    <property name="sun.java.launcher" value="SUN_STANDARD"/>
    <property name="user.country" value="TH"/>
    <property name="sun.boot.library.path" value="/Library/Java/JavaVirtualMachines/graalvm-21.jdk/Contents/Home/lib"/>
    <property name="sun.java.command" value="/Users/nontster/Downloads/drools-sample/target/surefire/surefirebooter-20250329100136639_3.jar /Users/nontster/Downloads/drools-sample/target/surefire 2025-03-29T10-01-36_592-jvmRun1 surefire-20250329100136639_1tmp surefire_0-20250329100136639_2tmp"/>
    <property name="http.nonProxyHosts" value="local|*.local|169.254/16|*.169.254/16"/>
    <property name="jdk.debug" value="release"/>
    <property name="surefire.test.class.path" value="/Users/nontster/Downloads/drools-sample/target/test-classes:/Users/nontster/Downloads/drools-sample/target/classes:/Users/nontster/.m2/repository/org/drools/drools-core/8.44.0.Final/drools-core-8.44.0.Final.jar:/Users/nontster/.m2/repository/org/kie/kie-internal/8.44.0.Final/kie-internal-8.44.0.Final.jar:/Users/nontster/.m2/repository/org/kie/kie-util-xml/8.44.0.Final/kie-util-xml-8.44.0.Final.jar:/Users/nontster/.m2/repository/org/drools/drools-wiring-api/8.44.0.Final/drools-wiring-api-8.44.0.Final.jar:/Users/nontster/.m2/repository/org/drools/drools-base/8.44.0.Final/drools-base-8.44.0.Final.jar:/Users/nontster/.m2/repository/org/drools/drools-util/8.44.0.Final/drools-util-8.44.0.Final.jar:/Users/nontster/.m2/repository/org/drools/drools-wiring-static/8.44.0.Final/drools-wiring-static-8.44.0.Final.jar:/Users/nontster/.m2/repository/org/drools/drools-io/8.44.0.Final/drools-io-8.44.0.Final.jar:/Users/nontster/.m2/repository/org/slf4j/slf4j-api/1.7.30/slf4j-api-1.7.30.jar:/Users/nontster/.m2/repository/commons-codec/commons-codec/1.15/commons-codec-1.15.jar:/Users/nontster/.m2/repository/org/drools/drools-xml-support/8.44.0.Final/drools-xml-support-8.44.0.Final.jar:/Users/nontster/.m2/repository/com/thoughtworks/xstream/xstream/1.4.20/xstream-1.4.20.jar:/Users/nontster/.m2/repository/io/github/x-stream/mxparser/1.2.2/mxparser-1.2.2.jar:/Users/nontster/.m2/repository/xmlpull/xmlpull/1.1.3.1/xmlpull-1.1.3.1.jar:/Users/nontster/.m2/repository/org/drools/drools-commands/8.44.0.Final/drools-commands-8.44.0.Final.jar:/Users/nontster/.m2/repository/org/drools/drools-mvel/8.44.0.Final/drools-mvel-8.44.0.Final.jar:/Users/nontster/.m2/repository/org/mvel/mvel2/2.5.0.Final/mvel2-2.5.0.Final.jar:/Users/nontster/.m2/repository/org/drools/drools-wiring-dynamic/8.44.0.Final/drools-wiring-dynamic-8.44.0.Final.jar:/Users/nontster/.m2/repository/org/drools/drools-compiler/8.44.0.Final/drools-compiler-8.44.0.Final.jar:/Users/nontster/.m2/repository/org/drools/drools-drl-parser/8.44.0.Final/drools-drl-parser-8.44.0.Final.jar:/Users/nontster/.m2/repository/org/drools/drools-drl-extensions/8.44.0.Final/drools-drl-extensions-8.44.0.Final.jar:/Users/nontster/.m2/repository/org/drools/drools-drl-ast/8.44.0.Final/drools-drl-ast-8.44.0.Final.jar:/Users/nontster/.m2/repository/org/drools/drools-kiesession/8.44.0.Final/drools-kiesession-8.44.0.Final.jar:/Users/nontster/.m2/repository/org/kie/kie-memory-compiler/8.44.0.Final/kie-memory-compiler-8.44.0.Final.jar:/Users/nontster/.m2/repository/org/drools/drools-ecj/8.44.0.Final/drools-ecj-8.44.0.Final.jar:/Users/nontster/.m2/repository/org/eclipse/jdt/ecj/3.33.0/ecj-3.33.0.jar:/Users/nontster/.m2/repository/org/kie/kie-util-maven-support/8.44.0.Final/kie-util-maven-support-8.44.0.Final.jar:/Users/nontster/.m2/repository/org/antlr/antlr-runtime/3.5.2/antlr-runtime-3.5.2.jar:/Users/nontster/.m2/repository/org/drools/drools-ruleunits-engine/8.44.0.Final/drools-ruleunits-engine-8.44.0.Final.jar:/Users/nontster/.m2/repository/org/drools/drools-ruleunits-dsl/8.44.0.Final/drools-ruleunits-dsl-8.44.0.Final.jar:/Users/nontster/.m2/repository/org/drools/drools-canonical-model/8.44.0.Final/drools-canonical-model-8.44.0.Final.jar:/Users/nontster/.m2/repository/org/drools/drools-model-compiler/8.44.0.Final/drools-model-compiler-8.44.0.Final.jar:/Users/nontster/.m2/repository/org/drools/drools-ruleunits-impl/8.44.0.Final/drools-ruleunits-impl-8.44.0.Final.jar:/Users/nontster/.m2/repository/org/drools/drools-ruleunits-api/8.44.0.Final/drools-ruleunits-api-8.44.0.Final.jar:/Users/nontster/.m2/repository/org/drools/drools-model-codegen/8.44.0.Final/drools-model-codegen-8.44.0.Final.jar:/Users/nontster/.m2/repository/org/drools/drools-codegen-common/8.44.0.Final/drools-codegen-common-8.44.0.Final.jar:/Users/nontster/.m2/repository/com/github/javaparser/javaparser-core/3.24.2/javaparser-core-3.24.2.jar:/Users/nontster/.m2/repository/org/drools/drools-mvel-parser/8.44.0.Final/drools-mvel-parser-8.44.0.Final.jar:/Users/nontster/.m2/repository/org/drools/drools-mvel-compiler/8.44.0.Final/drools-mvel-compiler-8.44.0.Final.jar:/Users/nontster/.m2/repository/org/kie/kie-ci/8.44.0.Final/kie-ci-8.44.0.Final.jar:/Users/nontster/.m2/repository/org/drools/drools-serialization-protobuf/8.44.0.Final/drools-serialization-protobuf-8.44.0.Final.jar:/Users/nontster/.m2/repository/org/drools/drools-tms/8.44.0.Final/drools-tms-8.44.0.Final.jar:/Users/nontster/.m2/repository/com/google/protobuf/protobuf-java/3.22.0/protobuf-java-3.22.0.jar:/Users/nontster/.m2/repository/org/kie/kie-util-maven-integration/8.44.0.Final/kie-util-maven-integration-8.44.0.Final.jar:/Users/nontster/.m2/repository/org/apache/maven/resolver/maven-resolver-connector-basic/1.7.3/maven-resolver-connector-basic-1.7.3.jar:/Users/nontster/.m2/repository/org/apache/maven/resolver/maven-resolver-transport-wagon/1.7.3/maven-resolver-transport-wagon-1.7.3.jar:/Users/nontster/.m2/repository/org/apache/maven/resolver/maven-resolver-transport-file/1.7.3/maven-resolver-transport-file-1.7.3.jar:/Users/nontster/.m2/repository/org/apache/maven/resolver/maven-resolver-transport-http/1.7.3/maven-resolver-transport-http-1.7.3.jar:/Users/nontster/.m2/repository/org/apache/httpcomponents/httpclient/4.5.13/httpclient-4.5.13.jar:/Users/nontster/.m2/repository/jakarta/inject/jakarta.inject-api/1.0/jakarta.inject-api-1.0.jar:/Users/nontster/.m2/repository/jakarta/enterprise/jakarta.enterprise.cdi-api/2.0.2/jakarta.enterprise.cdi-api-2.0.2.jar:/Users/nontster/.m2/repository/jakarta/el/jakarta.el-api/3.0.3/jakarta.el-api-3.0.3.jar:/Users/nontster/.m2/repository/jakarta/interceptor/jakarta.interceptor-api/1.2.5/jakarta.interceptor-api-1.2.5.jar:/Users/nontster/.m2/repository/jakarta/annotation/jakarta.annotation-api/1.3.5/jakarta.annotation-api-1.3.5.jar:/Users/nontster/.m2/repository/jakarta/ejb/jakarta.ejb-api/3.2.6/jakarta.ejb-api-3.2.6.jar:/Users/nontster/.m2/repository/jakarta/transaction/jakarta.transaction-api/1.3.2/jakarta.transaction-api-1.3.2.jar:/Users/nontster/.m2/repository/org/apache/ant/ant/1.10.11/ant-1.10.11.jar:/Users/nontster/.m2/repository/org/apache/ant/ant-launcher/1.10.11/ant-launcher-1.10.11.jar:/Users/nontster/.m2/repository/org/apache/maven/wagon/wagon-http/3.5.1/wagon-http-3.5.1.jar:/Users/nontster/.m2/repository/org/apache/maven/wagon/wagon-http-shared/3.5.1/wagon-http-shared-3.5.1.jar:/Users/nontster/.m2/repository/org/apache/httpcomponents/httpcore/4.4.15/httpcore-4.4.15.jar:/Users/nontster/.m2/repository/org/apache/maven/maven-core/3.8.6/maven-core-3.8.6.jar:/Users/nontster/.m2/repository/org/apache/maven/maven-model/3.8.6/maven-model-3.8.6.jar:/Users/nontster/.m2/repository/org/apache/maven/maven-settings/3.8.6/maven-settings-3.8.6.jar:/Users/nontster/.m2/repository/org/apache/maven/maven-settings-builder/3.8.6/maven-settings-builder-3.8.6.jar:/Users/nontster/.m2/repository/org/codehaus/plexus/plexus-sec-dispatcher/2.0/plexus-sec-dispatcher-2.0.jar:/Users/nontster/.m2/repository/org/codehaus/plexus/plexus-cipher/2.0/plexus-cipher-2.0.jar:/Users/nontster/.m2/repository/org/apache/maven/maven-builder-support/3.8.6/maven-builder-support-3.8.6.jar:/Users/nontster/.m2/repository/org/apache/maven/maven-repository-metadata/3.8.6/maven-repository-metadata-3.8.6.jar:/Users/nontster/.m2/repository/org/apache/maven/maven-artifact/3.8.6/maven-artifact-3.8.6.jar:/Users/nontster/.m2/repository/org/apache/maven/maven-plugin-api/3.8.6/maven-plugin-api-3.8.6.jar:/Users/nontster/.m2/repository/org/apache/maven/maven-model-builder/3.8.6/maven-model-builder-3.8.6.jar:/Users/nontster/.m2/repository/org/apache/maven/maven-resolver-provider/3.8.6/maven-resolver-provider-3.8.6.jar:/Users/nontster/.m2/repository/org/apache/maven/resolver/maven-resolver-impl/1.6.3/maven-resolver-impl-1.6.3.jar:/Users/nontster/.m2/repository/org/apache/maven/resolver/maven-resolver-api/1.6.3/maven-resolver-api-1.6.3.jar:/Users/nontster/.m2/repository/org/apache/maven/resolver/maven-resolver-spi/1.6.3/maven-resolver-spi-1.6.3.jar:/Users/nontster/.m2/repository/org/apache/maven/resolver/maven-resolver-util/1.6.3/maven-resolver-util-1.6.3.jar:/Users/nontster/.m2/repository/org/apache/maven/shared/maven-shared-utils/3.3.4/maven-shared-utils-3.3.4.jar:/Users/nontster/.m2/repository/org/eclipse/sisu/org.eclipse.sisu.plexus/0.3.5/org.eclipse.sisu.plexus-0.3.5.jar:/Users/nontster/.m2/repository/org/eclipse/sisu/org.eclipse.sisu.inject/0.3.5/org.eclipse.sisu.inject-0.3.5.jar:/Users/nontster/.m2/repository/com/google/inject/guice/4.2.2/guice-4.2.2-no_aop.jar:/Users/nontster/.m2/repository/aopalliance/aopalliance/1.0/aopalliance-1.0.jar:/Users/nontster/.m2/repository/org/codehaus/plexus/plexus-utils/3.3.1/plexus-utils-3.3.1.jar:/Users/nontster/.m2/repository/org/codehaus/plexus/plexus-classworlds/2.6.0/plexus-classworlds-2.6.0.jar:/Users/nontster/.m2/repository/org/codehaus/plexus/plexus-interpolation/1.26/plexus-interpolation-1.26.jar:/Users/nontster/.m2/repository/org/codehaus/plexus/plexus-component-annotations/2.1.0/plexus-component-annotations-2.1.0.jar:/Users/nontster/.m2/repository/org/apache/commons/commons-lang3/3.8.1/commons-lang3-3.8.1.jar:/Users/nontster/.m2/repository/org/apache/maven/maven-compat/3.8.6/maven-compat-3.8.6.jar:/Users/nontster/.m2/repository/org/apache/maven/wagon/wagon-provider-api/3.5.1/wagon-provider-api-3.5.1.jar:/Users/nontster/.m2/repository/javax/inject/javax.inject/1/javax.inject-1.jar:/Users/nontster/.m2/repository/com/google/guava/guava/32.0.1-jre/guava-32.0.1-jre.jar:/Users/nontster/.m2/repository/com/google/guava/failureaccess/1.0.1/failureaccess-1.0.1.jar:/Users/nontster/.m2/repository/com/google/guava/listenablefuture/9999.0-empty-to-avoid-conflict-with-guava/listenablefuture-9999.0-empty-to-avoid-conflict-with-guava.jar:/Users/nontster/.m2/repository/com/google/code/findbugs/jsr305/3.0.2/jsr305-3.0.2.jar:/Users/nontster/.m2/repository/org/checkerframework/checker-qual/3.33.0/checker-qual-3.33.0.jar:/Users/nontster/.m2/repository/com/google/errorprone/error_prone_annotations/2.18.0/error_prone_annotations-2.18.0.jar:/Users/nontster/.m2/repository/com/google/j2objc/j2objc-annotations/2.8/j2objc-annotations-2.8.jar:/Users/nontster/.m2/repository/commons-io/commons-io/2.11.0/commons-io-2.11.0.jar:/Users/nontster/.m2/repository/org/slf4j/jcl-over-slf4j/1.7.30/jcl-over-slf4j-1.7.30.jar:/Users/nontster/.m2/repository/org/kie/kie-api/8.44.0.Final/kie-api-8.44.0.Final.jar:/Users/nontster/.m2/repository/com/github/erosb/everit-json-schema/1.14.5/everit-json-schema-1.14.5.jar:/Users/nontster/.m2/repository/org/json/json/20250107/json-20250107.jar:/Users/nontster/.m2/repository/commons-validator/commons-validator/1.9.0/commons-validator-1.9.0.jar:/Users/nontster/.m2/repository/commons-digester/commons-digester/2.1/commons-digester-2.1.jar:/Users/nontster/.m2/repository/commons-logging/commons-logging/1.3.2/commons-logging-1.3.2.jar:/Users/nontster/.m2/repository/commons-collections/commons-collections/3.2.2/commons-collections-3.2.2.jar:/Users/nontster/.m2/repository/com/damnhandy/handy-uri-templates/2.1.8/handy-uri-templates-2.1.8.jar:/Users/nontster/.m2/repository/joda-time/joda-time/2.10.2/joda-time-2.10.2.jar:/Users/nontster/.m2/repository/com/google/re2j/re2j/1.8/re2j-1.8.jar:/Users/nontster/.m2/repository/junit/junit/4.13.1/junit-4.13.1.jar:/Users/nontster/.m2/repository/org/hamcrest/hamcrest-core/1.3/hamcrest-core-1.3.jar:/Users/nontster/.m2/repository/ch/qos/logback/logback-classic/1.2.9/logback-classic-1.2.9.jar:/Users/nontster/.m2/repository/ch/qos/logback/logback-core/1.2.9/logback-core-1.2.9.jar:/Users/nontster/.m2/repository/io/hypersistence/hypersistence-tsid/2.0.0/hypersistence-tsid-2.0.0.jar:"/>
    <property name="sun.cpu.endian" value="little"/>
    <property name="user.home" value="/Users/nontster"/>
    <property name="user.language" value="en"/>
    <property name="java.specification.vendor" value="Oracle Corporation"/>
    <property name="java.version.date" value="2025-01-21"/>
    <property name="java.home" value="/Library/Java/JavaVirtualMachines/graalvm-21.jdk/Contents/Home"/>
    <property name="file.separator" value="/"/>
    <property name="basedir" value="/Users/nontster/Downloads/drools-sample"/>
    <property name="java.vm.compressedOopsMode" value="Zero based"/>
    <property name="jdk.internal.vm.ci.enabled" value="true"/>
    <property name="line.separator" value="&#10;"/>
    <property name="java.vm.specification.vendor" value="Oracle Corporation"/>
    <property name="java.specification.name" value="Java Platform API Specification"/>
    <property name="apple.awt.application.name" value="ForkedBooter"/>
    <property name="surefire.real.class.path" value="/Users/nontster/Downloads/drools-sample/target/surefire/surefirebooter-20250329100136639_3.jar"/>
    <property name="sun.management.compiler" value="HotSpot 64-Bit Tiered Compilers"/>
    <property name="ftp.nonProxyHosts" value="local|*.local|169.254/16|*.169.254/16"/>
    <property name="java.runtime.version" value="21.0.6+8-LTS-jvmci-23.1-b55"/>
    <property name="user.name" value="nontster"/>
    <property name="stdout.encoding" value="UTF-8"/>
    <property name="path.separator" value=":"/>
    <property name="os.version" value="15.3.2"/>
    <property name="java.runtime.name" value="Java(TM) SE Runtime Environment"/>
    <property name="file.encoding" value="UTF-8"/>
    <property name="java.vm.name" value="Java HotSpot(TM) 64-Bit Server VM"/>
    <property name="java.vendor.version" value="Oracle GraalVM 21.0.6+8.1"/>
    <property name="localRepository" value="/Users/nontster/.m2/repository"/>
    <property name="java.vendor.url.bug" value="https://bugreport.java.com/bugreport/"/>
    <property name="java.io.tmpdir" value="/var/folders/s3/_wnxkrh128g6h058676vpfdc0000gn/T/"/>
    <property name="java.version" value="21.0.6"/>
    <property name="user.dir" value="/Users/nontster/Downloads/drools-sample"/>
    <property name="os.arch" value="aarch64"/>
    <property name="java.vm.specification.name" value="Java Virtual Machine Specification"/>
    <property name="native.encoding" value="UTF-8"/>
    <property name="java.library.path" value="/Users/nontster/Library/Java/Extensions:/Library/Java/Extensions:/Network/Library/Java/Extensions:/System/Library/Java/Extensions:/usr/lib/java:."/>
    <property name="java.vm.info" value="mixed mode, sharing"/>
    <property name="stderr.encoding" value="UTF-8"/>
    <property name="java.vendor" value="Oracle Corporation"/>
    <property name="java.vm.version" value="21.0.6+8-LTS-jvmci-23.1-b55"/>
    <property name="sun.io.unicode.encoding" value="UnicodeBig"/>
    <property name="socksNonProxyHosts" value="local|*.local|169.254/16|*.169.254/16"/>
    <property name="java.class.version" value="65.0"/>
  </properties>
  <testcase name="testForDroolsGroup" classname="example1.RuleTest" time="1.079">
    <error message="Cannot invoke &quot;org.drools.core.reteoo.AbstractTuple.setPrevious(org.drools.core.reteoo.Tuple)&quot; because &quot;next&quot; is null" type="java.lang.NullPointerException"><![CDATA[java.lang.NullPointerException: Cannot invoke "org.drools.core.reteoo.AbstractTuple.setPrevious(org.drools.core.reteoo.Tuple)" because "next" is null
	at org.drools.core.util.index.TupleList.removeAdd(TupleList.java:96)
	at org.drools.core.phreak.RuleNetworkEvaluator.doUpdatesReorderRightMemory(RuleNetworkEvaluator.java:864)
	at org.drools.core.phreak.PhreakAccumulateNode.doNode(PhreakAccumulateNode.java:73)
	at org.drools.core.phreak.RuleNetworkEvaluator.switchOnDoBetaNode(RuleNetworkEvaluator.java:595)
	at org.drools.core.phreak.RuleNetworkEvaluator.evalBetaNode(RuleNetworkEvaluator.java:562)
	at org.drools.core.phreak.RuleNetworkEvaluator.evalNode(RuleNetworkEvaluator.java:389)
	at org.drools.core.phreak.RuleNetworkEvaluator.innerEval(RuleNetworkEvaluator.java:349)
	at org.drools.core.phreak.RuleNetworkEvaluator.evalStackEntry(RuleNetworkEvaluator.java:247)
	at org.drools.core.phreak.RuleNetworkEvaluator.outerEval(RuleNetworkEvaluator.java:190)
	at org.drools.core.phreak.RuleNetworkEvaluator.evaluateNetwork(RuleNetworkEvaluator.java:143)
	at org.drools.core.phreak.RuleExecutor.evaluateNetwork(RuleExecutor.java:221)
	at org.drools.kiesession.agenda.DefaultAgenda.evaluateEagerList(DefaultAgenda.java:501)
	at org.drools.core.phreak.RuleExecutor.haltRuleFiring(RuleExecutor.java:270)
	at org.drools.core.phreak.RuleExecutor.fire(RuleExecutor.java:167)
	at org.drools.core.phreak.RuleExecutor.evaluateNetworkAndFire(RuleExecutor.java:83)
	at org.drools.core.concurrent.AbstractGroupEvaluator.evaluateAndFire(AbstractGroupEvaluator.java:46)
	at org.drools.kiesession.agenda.DefaultAgenda.fireLoop(DefaultAgenda.java:624)
	at org.drools.kiesession.agenda.DefaultAgenda.internalFireAllRules(DefaultAgenda.java:571)
	at org.drools.kiesession.agenda.DefaultAgenda.fireAllRules(DefaultAgenda.java:563)
	at org.drools.kiesession.session.StatefulKnowledgeSessionImpl.internalFireAllRules(StatefulKnowledgeSessionImpl.java:1088)
	at org.drools.kiesession.session.StatefulKnowledgeSessionImpl.fireAllRules(StatefulKnowledgeSessionImpl.java:1079)
	at org.drools.kiesession.session.StatefulKnowledgeSessionImpl.fireAllRules(StatefulKnowledgeSessionImpl.java:1063)
	at example1.RuleTest.testForDroolsGroup(RuleTest.java:34)
	at java.base/jdk.internal.reflect.DirectMethodHandleAccessor.invoke(DirectMethodHandleAccessor.java:103)
	at java.base/java.lang.reflect.Method.invoke(Method.java:580)
	at org.junit.runners.model.FrameworkMethod$1.runReflectiveCall(FrameworkMethod.java:59)
	at org.junit.internal.runners.model.ReflectiveCallable.run(ReflectiveCallable.java:12)
	at org.junit.runners.model.FrameworkMethod.invokeExplosively(FrameworkMethod.java:56)
	at org.junit.internal.runners.statements.InvokeMethod.evaluate(InvokeMethod.java:17)
	at org.junit.runners.ParentRunner$3.evaluate(ParentRunner.java:306)
	at org.junit.runners.BlockJUnit4ClassRunner$1.evaluate(BlockJUnit4ClassRunner.java:100)
	at org.junit.runners.ParentRunner.runLeaf(ParentRunner.java:366)
	at org.junit.runners.BlockJUnit4ClassRunner.runChild(BlockJUnit4ClassRunner.java:103)
	at org.junit.runners.BlockJUnit4ClassRunner.runChild(BlockJUnit4ClassRunner.java:63)
	at org.junit.runners.ParentRunner$4.run(ParentRunner.java:331)
	at org.junit.runners.ParentRunner$1.schedule(ParentRunner.java:79)
	at org.junit.runners.ParentRunner.runChildren(ParentRunner.java:329)
	at org.junit.runners.ParentRunner.access$100(ParentRunner.java:66)
	at org.junit.runners.ParentRunner$2.evaluate(ParentRunner.java:293)
	at org.junit.runners.ParentRunner$3.evaluate(ParentRunner.java:306)
	at org.junit.runners.ParentRunner.run(ParentRunner.java:413)
	at org.apache.maven.surefire.junit4.JUnit4Provider.execute(JUnit4Provider.java:316)
	at org.apache.maven.surefire.junit4.JUnit4Provider.executeWithRerun(JUnit4Provider.java:240)
	at org.apache.maven.surefire.junit4.JUnit4Provider.executeTestSet(JUnit4Provider.java:214)
	at org.apache.maven.surefire.junit4.JUnit4Provider.invoke(JUnit4Provider.java:155)
	at org.apache.maven.surefire.booter.ForkedBooter.runSuitesInProcess(ForkedBooter.java:385)
	at org.apache.maven.surefire.booter.ForkedBooter.execute(ForkedBooter.java:162)
	at org.apache.maven.surefire.booter.ForkedBooter.run(ForkedBooter.java:507)
	at org.apache.maven.surefire.booter.ForkedBooter.main(ForkedBooter.java:495)
]]></error>
    <system-out><![CDATA[2025-03-29 10:01:36,950 [main] INFO  Found kmodule: file:/Users/nontster/Downloads/drools-sample/target/classes/META-INF/kmodule.xml
2025-03-29 10:01:37,076 [main] WARN  Unable to find pom.properties in /Users/nontster/Downloads/drools-sample/target/classes
2025-03-29 10:01:37,082 [main] WARN  Environment variable M2_HOME is not set
2025-03-29 10:01:37,731 [main] INFO  Recursed up folders, found and used pom.xml /Users/nontster/Downloads/drools-sample/pom.xml
2025-03-29 10:01:37,733 [main] INFO  Creating KieModule for artifact example1:drools-group:1.0
2025-03-29 10:01:37,736 [main] INFO  Artifact example1:drools-group:1.0 has executable model
2025-03-29 10:01:37,738 [main] INFO  Start creation of KieBase: cart
2025-03-29 10:01:37,892 [main] INFO  End creation of KieBase: cart
=========================>Effected 
]]></system-out>
  </testcase>
</testsuite>